<?xml version="1.0" encoding="UTF-8"?>
<testng-results ignored="0" total="1" passed="1" failed="0" skipped="0">
  <reporter-output>
  </reporter-output>
  <suite started-at="2023-10-12T09:54:21Z" name="Default suite" finished-at="2023-10-12T09:55:34Z" duration-ms="73146">
    <groups>
    </groups>
    <test started-at="2023-10-12T09:54:21Z" name="Default test" finished-at="2023-10-12T09:55:34Z" duration-ms="73146">
      <class name="Pracice.Appium_practice.WiFiSettings">
        <test-method is-config="true" signature="AppiumSetUp()[pri:0, instance:Pracice.Appium_practice.WiFiSettings@2796aeae]" started-at="2023-10-12T09:54:21Z" name="AppiumSetUp" finished-at="2023-10-12T09:55:28Z" duration-ms="67863" status="PASS">
          <reporter-output>
          </reporter-output>
        </test-method> <!-- AppiumSetUp -->
        <test-method signature="SetupWiFI()[pri:0, instance:Pracice.Appium_practice.WiFiSettings@2796aeae]" started-at="2023-10-12T09:55:28Z" name="SetupWiFI" finished-at="2023-10-12T09:55:31Z" duration-ms="2286" status="PASS">
          <reporter-output>
          </reporter-output>
        </test-method> <!-- SetupWiFI -->
        <test-method is-config="true" signature="tearDown()[pri:0, instance:Pracice.Appium_practice.WiFiSettings@2796aeae]" started-at="2023-10-12T09:55:31Z" name="tearDown" finished-at="2023-10-12T09:55:34Z" duration-ms="2958" status="PASS">
          <reporter-output>
          </reporter-output>
        </test-method> <!-- tearDown -->
      </class> <!-- Pracice.Appium_practice.WiFiSettings -->
    </test> <!-- Default test -->
  </suite> <!-- Default suite -->
</testng-results>
